# JRE version: OpenJDK Runtime Environment Temurin-17.0.18+8 (17.0.18+8) (build 17.0.18+8)
# Java VM: OpenJDK 64-Bit Server VM Temurin-17.0.18+8 (17.0.18+8, mixed mode, sharing, tiered, compressed oops, compressed class ptrs, g1 gc, windows-amd64)
GC Precious Log:
 CPUs: 8 total, 8 available
 Memory: 7914M
 Large Page Support: Disabled
 NUMA Support: Disabled
 Compressed Oops: Enabled (32-bit)
 Heap Region Size: 1M
 Heap Min Capacity: 8M
 Heap Initial Capacity: 124M
 Heap Max Capacity: 2G
 Pre-touch: Disabled
 Parallel Workers: 8
 Concurrent Workers: 2
 Concurrent Refinement Workers: 8
 Periodic GC: Disabled
Heap:
 garbage-first heap   total 375808K, used 301978K [0x0000000080000000, 0x0000000100000000)
  region size 1024K, 66 young (67584K), 3 survivors (3072K)
 Metaspace       used 147123K, committed 148544K, reserved 1179648K
  class space    used 19328K, committed 20032K, reserved 1048576K
GC Heap History (20 events):
Event: 5138.722 GC heap before
{Heap before GC invocations=98 (full 0):
 garbage-first heap   total 375808K, used 330117K [0x0000000080000000, 0x0000000100000000)
  region size 1024K, 105 young (107520K), 5 survivors (5120K)
 Metaspace       used 125974K, committed 127104K, reserved 1179648K
  class space    used 16395K, committed 16960K, reserved 1048576K
}
Event: 5138.728 GC heap after
{Heap after GC invocations=99 (full 0):
 garbage-first heap   total 375808K, used 228065K [0x0000000080000000, 0x0000000100000000)
  region size 1024K, 6 young (6144K), 6 survivors (6144K)
 Metaspace       used 125974K, committed 127104K, reserved 1179648K
  class space    used 16395K, committed 16960K, reserved 1048576K
}
Event: 5138.992 GC heap before
{Heap before GC invocations=99 (full 0):
 garbage-first heap   total 375808K, used 329441K [0x0000000080000000, 0x0000000100000000)
  region size 1024K, 105 young (107520K), 6 survivors (6144K)
 Metaspace       used 125974K, committed 127104K, reserved 1179648K
  class space    used 16395K, committed 16960K, reserved 1048576K
}
Event: 5138.995 GC heap after
{Heap after GC invocations=100 (full 0):
 garbage-first heap   total 375808K, used 222637K [0x0000000080000000, 0x0000000100000000)
  region size 1024K, 2 young (2048K), 2 survivors (2048K)
 Metaspace       used 125974K, committed 127104K, reserved 1179648K
  class space    used 16395K, committed 16960K, reserved 1048576K
}
Event: 5142.617 GC heap before
{Heap before GC invocations=100 (full 0):
 garbage-first heap   total 375808K, used 274861K [0x0000000080000000, 0x0000000100000000)
  region size 1024K, 55 young (56320K), 2 survivors (2048K)
 Metaspace       used 127549K, committed 128832K, reserved 1179648K
  class space    used 16636K, committed 17280K, reserved 1048576K
}
Event: 5143.292 GC heap after
{Heap after GC invocations=101 (full 1):
 garbage-first heap   total 375808K, used 158874K [0x0000000080000000, 0x0000000100000000)
  region size 1024K, 0 young (0K), 0 survivors (0K)
 Metaspace       used 126823K, committed 128832K, reserved 1179648K
  class space    used 16494K, committed 17280K, reserved 1048576K
}
Event: 5169.542 GC heap before
{Heap before GC invocations=101 (full 1):
 garbage-first heap   total 375808K, used 324762K [0x0000000080000000, 0x0000000100000000)
  region size 1024K, 163 young (166912K), 0 survivors (0K)
 Metaspace       used 136287K, committed 137408K, reserved 1179648K
  class space    used 17961K, committed 18496K, reserved 1048576K
}
Event: 5169.565 GC heap after
{Heap after GC invocations=102 (full 1):
 garbage-first heap   total 375808K, used 169459K [0x0000000080000000, 0x0000000100000000)
  region size 1024K, 11 young (11264K), 11 survivors (11264K)
 Metaspace       used 136287K, committed 137408K, reserved 1179648K
  class space    used 17961K, committed 18496K, reserved 1048576K
}
Event: 5260.332 GC heap before
{Heap before GC invocations=102 (full 1):
 garbage-first heap   total 375808K, used 330227K [0x0000000080000000, 0x0000000100000000)
  region size 1024K, 145 young (148480K), 11 survivors (11264K)
 Metaspace       used 144025K, committed 145152K, reserved 1179648K
  class space    used 19129K, committed 19712K, reserved 1048576K
}
Event: 5260.658 GC heap after
{Heap after GC invocations=103 (full 1):
 garbage-first heap   total 375808K, used 172864K [0x0000000080000000, 0x0000000100000000)
  region size 1024K, 5 young (5120K), 5 survivors (5120K)
 Metaspace       used 144025K, committed 145152K, reserved 1179648K
  class space    used 19129K, committed 19712K, reserved 1048576K
}
Event: 5595.750 GC heap before
{Heap before GC invocations=103 (full 1):
 garbage-first heap   total 375808K, used 310080K [0x0000000080000000, 0x0000000100000000)
  region size 1024K, 140 young (143360K), 5 survivors (5120K)
 Metaspace       used 144339K, committed 145536K, reserved 1179648K
  class space    used 19148K, committed 19712K, reserved 1048576K
}
Event: 5595.844 GC heap after
{Heap after GC invocations=104 (full 1):
 garbage-first heap   total 375808K, used 195288K [0x0000000080000000, 0x0000000100000000)
  region size 1024K, 18 young (18432K), 18 survivors (18432K)
 Metaspace       used 144339K, committed 145536K, reserved 1179648K
  class space    used 19148K, committed 19712K, reserved 1048576K
}
Event: 5649.291 GC heap before
{Heap before GC invocations=104 (full 1):
 garbage-first heap   total 375808K, used 301784K [0x0000000080000000, 0x0000000100000000)
  region size 1024K, 123 young (125952K), 18 survivors (18432K)
 Metaspace       used 145312K, committed 146560K, reserved 1179648K
  class space    used 19180K, committed 19776K, reserved 1048576K
}
Event: 5649.374 GC heap after
{Heap after GC invocations=105 (full 1):
 garbage-first heap   total 375808K, used 200209K [0x0000000080000000, 0x0000000100000000)
  region size 1024K, 5 young (5120K), 5 survivors (5120K)
 Metaspace       used 145312K, committed 146560K, reserved 1179648K
  class space    used 19180K, committed 19776K, reserved 1048576K
}
Event: 6238.388 GC heap before
{Heap before GC invocations=105 (full 1):
 garbage-first heap   total 375808K, used 331281K [0x0000000080000000, 0x0000000100000000)
  region size 1024K, 110 young (112640K), 5 survivors (5120K)
 Metaspace       used 145819K, committed 147008K, reserved 1179648K
  class space    used 19187K, committed 19776K, reserved 1048576K
}
Event: 6238.461 GC heap after
{Heap after GC invocations=106 (full 1):
 garbage-first heap   total 375808K, used 205107K [0x0000000080000000, 0x0000000100000000)
  region size 1024K, 10 young (10240K), 10 survivors (10240K)
 Metaspace       used 145819K, committed 147008K, reserved 1179648K
  class space    used 19187K, committed 19776K, reserved 1048576K
}
Event: 6248.602 GC heap before
{Heap before GC invocations=106 (full 1):
 garbage-first heap   total 375808K, used 307507K [0x0000000080000000, 0x0000000100000000)
  region size 1024K, 110 young (112640K), 10 survivors (10240K)
 Metaspace       used 146433K, committed 147840K, reserved 1179648K
  class space    used 19300K, committed 19968K, reserved 1048576K
}
Event: 6248.643 GC heap after
{Heap after GC invocations=107 (full 1):
 garbage-first heap   total 375808K, used 212672K [0x0000000080000000, 0x0000000100000000)
  region size 1024K, 8 young (8192K), 8 survivors (8192K)
 Metaspace       used 146433K, committed 147840K, reserved 1179648K
  class space    used 19300K, committed 19968K, reserved 1048576K
}
Event: 6265.277 GC heap before
{Heap before GC invocations=107 (full 1):
 garbage-first heap   total 375808K, used 307904K [0x0000000080000000, 0x0000000100000000)
  region size 1024K, 102 young (104448K), 8 survivors (8192K)
 Metaspace       used 146972K, committed 148416K, reserved 1179648K
  class space    used 19324K, committed 20032K, reserved 1048576K
}
Event: 6265.311 GC heap after
{Heap after GC invocations=108 (full 1):
 garbage-first heap   total 375808K, used 214938K [0x0000000080000000, 0x0000000100000000)
  region size 1024K, 3 young (3072K), 3 survivors (3072K)
 Metaspace       used 146972K, committed 148416K, reserved 1179648K
  class space    used 19324K, committed 20032K, reserved 1048576K
}

